<?xml version="1.0" encoding="UTF-8"?>
<robot generator="Robot 4.1.2 (Python 3.8.5 on win32)" generated="20211122 22:59:49.139" rpa="false" schemaversion="2">
<suite id="s1" name="ViewDonationInfotest" source="D:\Project_QA\Backend\test\Automatedtestcases\ViewDonationInfotest.robot">
<test id="s1-t1" name="Opening home page using Chrome">
<kw name="Open Browser" library="SeleniumLibrary">
<arg>${url_login}</arg>
<arg>${browser}</arg>
<doc>Opens a new browser instance to the optional ``url``.</doc>
<msg timestamp="20211122 22:59:49.410" level="INFO">Opening browser 'chrome' to base url 'http://127.0.0.1:5501/Frontend/login.html'.</msg>
<status status="PASS" starttime="20211122 22:59:49.410" endtime="20211122 22:59:53.099"/>
</kw>
<kw name="Maximize Browser Window" library="SeleniumLibrary">
<doc>Maximizes current browser window.</doc>
<status status="PASS" starttime="20211122 22:59:53.100" endtime="20211122 22:59:53.243"/>
</kw>
<kw name="Set Selenium Speed" library="SeleniumLibrary">
<arg>0.5</arg>
<doc>Sets the delay that is waited after each Selenium command.</doc>
<status status="PASS" starttime="20211122 22:59:53.244" endtime="20211122 22:59:53.245"/>
</kw>
<status status="PASS" starttime="20211122 22:59:49.409" endtime="20211122 22:59:53.245"/>
</test>
<test id="s1-t2" name="Insert user and password">
<kw name="Input Text" library="SeleniumLibrary">
<arg>name=email</arg>
<arg>${Vuser}</arg>
<doc>Types the given ``text`` into the text field identified by ``locator``.</doc>
<msg timestamp="20211122 22:59:53.253" level="INFO">Typing text 'John.doe@gmail.com' into text field 'name=email'.</msg>
<status status="PASS" starttime="20211122 22:59:53.250" endtime="20211122 22:59:54.918"/>
</kw>
<kw name="Input Text" library="SeleniumLibrary">
<arg>name=password</arg>
<arg>${Vpass}</arg>
<doc>Types the given ``text`` into the text field identified by ``locator``.</doc>
<msg timestamp="20211122 22:59:54.919" level="INFO">Typing text 'CuttiesJohn' into text field 'name=password'.</msg>
<status status="PASS" starttime="20211122 22:59:54.919" endtime="20211122 22:59:56.505"/>
</kw>
<kw name="Click Button" library="SeleniumLibrary">
<arg>name=login</arg>
<doc>Clicks the button identified by ``locator``.</doc>
<msg timestamp="20211122 22:59:56.506" level="INFO">Clicking button 'name=login'.</msg>
<status status="PASS" starttime="20211122 22:59:56.506" endtime="20211122 22:59:59.102"/>
</kw>
<status status="PASS" starttime="20211122 22:59:53.248" endtime="20211122 22:59:59.102"/>
</test>
<test id="s1-t3" name="Click donation info btn">
<kw name="Scroll Element Into View" library="SeleniumLibrary">
<arg>xpath:/html/body/footer</arg>
<doc>Scrolls the element identified by ``locator`` into view.</doc>
<status status="PASS" starttime="20211122 22:59:59.105" endtime="20211122 23:00:00.410"/>
</kw>
<kw name="Click Button" library="SeleniumLibrary">
<arg>name=donationinfobtn</arg>
<doc>Clicks the button identified by ``locator``.</doc>
<msg timestamp="20211122 23:00:00.411" level="INFO">Clicking button 'name=donationinfobtn'.</msg>
<status status="PASS" starttime="20211122 23:00:00.410" endtime="20211122 23:00:03.531"/>
</kw>
<status status="PASS" starttime="20211122 22:59:59.104" endtime="20211122 23:00:03.532"/>
</test>
<test id="s1-t4" name="Enter the organ name/ Click result">
<kw name="Input Text" library="SeleniumLibrary">
<arg>name=searchInput</arg>
<arg>${VorganName}</arg>
<doc>Types the given ``text`` into the text field identified by ``locator``.</doc>
<msg timestamp="20211122 23:00:03.534" level="INFO">Typing text 'Heart' into text field 'name=searchInput'.</msg>
<status status="PASS" starttime="20211122 23:00:03.533" endtime="20211122 23:00:05.141"/>
</kw>
<kw name="Click Link" library="SeleniumLibrary">
<arg>id=heartinfo</arg>
<doc>Clicks a link identified by ``locator``.</doc>
<msg timestamp="20211122 23:00:05.142" level="INFO">Clicking link 'id=heartinfo'.</msg>
<status status="PASS" starttime="20211122 23:00:05.142" endtime="20211122 23:00:07.153"/>
</kw>
<kw name="Sleep" library="BuiltIn">
<arg>1s</arg>
<doc>Pauses the test executed for the given time.</doc>
<msg timestamp="20211122 23:00:08.156" level="INFO">Slept 1 second</msg>
<status status="PASS" starttime="20211122 23:00:07.153" endtime="20211122 23:00:08.156"/>
</kw>
<status status="PASS" starttime="20211122 23:00:03.533" endtime="20211122 23:00:08.157"/>
</test>
<test id="s1-t5" name="Enter the organization name/ Click result">
<kw name="Go Back" library="SeleniumLibrary">
<doc>Simulates the user clicking the back button on their browser.</doc>
<status status="PASS" starttime="20211122 23:00:08.159" endtime="20211122 23:00:09.042"/>
</kw>
<kw name="Input Text" library="SeleniumLibrary">
<arg>name=searchInput</arg>
<arg>${VorgName}</arg>
<doc>Types the given ``text`` into the text field identified by ``locator``.</doc>
<msg timestamp="20211122 23:00:09.043" level="INFO">Typing text 'Siriraj' into text field 'name=searchInput'.</msg>
<status status="PASS" starttime="20211122 23:00:09.043" endtime="20211122 23:00:10.629"/>
</kw>
<kw name="Click Link" library="SeleniumLibrary">
<arg>id=sirirajinfo</arg>
<doc>Clicks a link identified by ``locator``.</doc>
<msg timestamp="20211122 23:00:10.630" level="INFO">Clicking link 'id=sirirajinfo'.</msg>
<status status="PASS" starttime="20211122 23:00:10.630" endtime="20211122 23:00:14.687"/>
</kw>
<kw name="Sleep" library="BuiltIn">
<arg>1s</arg>
<doc>Pauses the test executed for the given time.</doc>
<msg timestamp="20211122 23:00:15.689" level="INFO">Slept 1 second</msg>
<status status="PASS" starttime="20211122 23:00:14.687" endtime="20211122 23:00:15.689"/>
</kw>
<status status="PASS" starttime="20211122 23:00:08.158" endtime="20211122 23:00:15.690"/>
</test>
<test id="s1-t6" name="Enter the general donation information/ Click result">
<kw name="Go Back" library="SeleniumLibrary">
<doc>Simulates the user clicking the back button on their browser.</doc>
<status status="PASS" starttime="20211122 23:00:15.692" endtime="20211122 23:00:16.247"/>
</kw>
<kw name="Input Text" library="SeleniumLibrary">
<arg>name=searchInput</arg>
<arg>${VgenName}</arg>
<doc>Types the given ``text`` into the text field identified by ``locator``.</doc>
<msg timestamp="20211122 23:00:16.248" level="INFO">Typing text 'General Info.' into text field 'name=searchInput'.</msg>
<status status="PASS" starttime="20211122 23:00:16.248" endtime="20211122 23:00:17.872"/>
</kw>
<kw name="Click Link" library="SeleniumLibrary">
<arg>id=legislation</arg>
<doc>Clicks a link identified by ``locator``.</doc>
<msg timestamp="20211122 23:00:17.872" level="INFO">Clicking link 'id=legislation'.</msg>
<status status="PASS" starttime="20211122 23:00:17.872" endtime="20211122 23:00:19.478"/>
</kw>
<status status="PASS" starttime="20211122 23:00:15.691" endtime="20211122 23:00:19.478"/>
</test>
<status status="PASS" starttime="20211122 22:59:49.140" endtime="20211122 23:00:19.480"/>
</suite>
<statistics>
<total>
<stat pass="6" fail="0" skip="0">All Tests</stat>
</total>
<tag>
</tag>
<suite>
<stat pass="6" fail="0" skip="0" id="s1" name="ViewDonationInfotest">ViewDonationInfotest</stat>
</suite>
</statistics>
<errors>
</errors>
</robot>
