{"C:\\Users\\Earth\\Desktop\\OrganDonation\\Backend\\app.js": {"path":"C:\\Users\\Earth\\Desktop\\OrganDonation\\Backend\\app.js","statementMap":{"0":{"start":{"line":1,"column":16},"end":{"line":1,"column":34}},"1":{"start":{"line":2,"column":13},"end":{"line":2,"column":28}},"2":{"start":{"line":3,"column":12},"end":{"line":3,"column":21}},"3":{"start":{"line":4,"column":20},"end":{"line":4,"column":50}},"4":{"start":{"line":6,"column":0},"end":{"line":6,"column":15}},"5":{"start":{"line":7,"column":0},"end":{"line":7,"column":23}},"6":{"start":{"line":8,"column":0},"end":{"line":8,"column":47}},"7":{"start":{"line":10,"column":25},"end":{"line":10,"column":66}},"8":{"start":{"line":14,"column":0},"end":{"line":19,"column":4}},"9":{"start":{"line":17,"column":6},"end":{"line":17,"column":36}},"10":{"start":{"line":18,"column":4},"end":{"line":18,"column":40}},"11":{"start":{"line":21,"column":0},"end":{"line":34,"column":2}},"12":{"start":{"line":23,"column":29},"end":{"line":23,"column":37}},"13":{"start":{"line":24,"column":4},"end":{"line":31,"column":6}},"14":{"start":{"line":26,"column":8},"end":{"line":29,"column":9}},"15":{"start":{"line":28,"column":12},"end":{"line":28,"column":105}},"16":{"start":{"line":30,"column":8},"end":{"line":30,"column":49}},"17":{"start":{"line":36,"column":0},"end":{"line":41,"column":2}},"18":{"start":{"line":37,"column":4},"end":{"line":40,"column":6}},"19":{"start":{"line":39,"column":8},"end":{"line":39,"column":43}},"20":{"start":{"line":43,"column":0},"end":{"line":48,"column":2}},"21":{"start":{"line":44,"column":4},"end":{"line":47,"column":6}},"22":{"start":{"line":46,"column":8},"end":{"line":46,"column":32}},"23":{"start":{"line":50,"column":0},"end":{"line":55,"column":2}},"24":{"start":{"line":51,"column":4},"end":{"line":54,"column":6}},"25":{"start":{"line":53,"column":8},"end":{"line":53,"column":32}},"26":{"start":{"line":57,"column":0},"end":{"line":65,"column":2}},"27":{"start":{"line":59,"column":4},"end":{"line":62,"column":6}},"28":{"start":{"line":61,"column":8},"end":{"line":61,"column":32}},"29":{"start":{"line":67,"column":0},"end":{"line":73,"column":2}},"30":{"start":{"line":68,"column":20},"end":{"line":68,"column":28}},"31":{"start":{"line":69,"column":4},"end":{"line":72,"column":6}},"32":{"start":{"line":71,"column":8},"end":{"line":71,"column":32}},"33":{"start":{"line":74,"column":0},"end":{"line":80,"column":2}},"34":{"start":{"line":75,"column":20},"end":{"line":75,"column":28}},"35":{"start":{"line":76,"column":4},"end":{"line":79,"column":6}},"36":{"start":{"line":78,"column":8},"end":{"line":78,"column":32}},"37":{"start":{"line":82,"column":0},"end":{"line":88,"column":2}},"38":{"start":{"line":83,"column":18},"end":{"line":83,"column":25}},"39":{"start":{"line":84,"column":4},"end":{"line":87,"column":6}},"40":{"start":{"line":86,"column":8},"end":{"line":86,"column":32}},"41":{"start":{"line":89,"column":0},"end":{"line":95,"column":2}},"42":{"start":{"line":90,"column":18},"end":{"line":90,"column":24}},"43":{"start":{"line":91,"column":4},"end":{"line":94,"column":6}},"44":{"start":{"line":93,"column":8},"end":{"line":93,"column":32}},"45":{"start":{"line":96,"column":0},"end":{"line":102,"column":2}},"46":{"start":{"line":97,"column":18},"end":{"line":97,"column":31}},"47":{"start":{"line":98,"column":4},"end":{"line":101,"column":6}},"48":{"start":{"line":100,"column":8},"end":{"line":100,"column":32}},"49":{"start":{"line":104,"column":0},"end":{"line":110,"column":2}},"50":{"start":{"line":105,"column":18},"end":{"line":105,"column":26}},"51":{"start":{"line":106,"column":4},"end":{"line":109,"column":6}},"52":{"start":{"line":108,"column":8},"end":{"line":108,"column":32}},"53":{"start":{"line":112,"column":0},"end":{"line":118,"column":2}},"54":{"start":{"line":113,"column":18},"end":{"line":113,"column":26}},"55":{"start":{"line":114,"column":4},"end":{"line":117,"column":6}},"56":{"start":{"line":116,"column":8},"end":{"line":116,"column":32}},"57":{"start":{"line":120,"column":0},"end":{"line":126,"column":2}},"58":{"start":{"line":121,"column":18},"end":{"line":121,"column":25}},"59":{"start":{"line":122,"column":4},"end":{"line":125,"column":6}},"60":{"start":{"line":124,"column":8},"end":{"line":124,"column":32}},"61":{"start":{"line":128,"column":0},"end":{"line":134,"column":2}},"62":{"start":{"line":129,"column":18},"end":{"line":129,"column":24}},"63":{"start":{"line":130,"column":4},"end":{"line":133,"column":6}},"64":{"start":{"line":132,"column":8},"end":{"line":132,"column":32}},"65":{"start":{"line":136,"column":0},"end":{"line":142,"column":2}},"66":{"start":{"line":137,"column":18},"end":{"line":137,"column":28}},"67":{"start":{"line":138,"column":4},"end":{"line":141,"column":6}},"68":{"start":{"line":140,"column":8},"end":{"line":140,"column":32}},"69":{"start":{"line":145,"column":0},"end":{"line":170,"column":2}},"70":{"start":{"line":146,"column":29},"end":{"line":146,"column":37}},"71":{"start":{"line":148,"column":4},"end":{"line":169,"column":6}},"72":{"start":{"line":168,"column":8},"end":{"line":168,"column":32}},"73":{"start":{"line":172,"column":0},"end":{"line":174,"column":5}},"74":{"start":{"line":173,"column":4},"end":{"line":173,"column":41}},"75":{"start":{"line":176,"column":2},"end":{"line":176,"column":23}}},"fnMap":{"0":{"name":"(anonymous_0)","decl":{"start":{"line":16,"column":5},"end":{"line":16,"column":6}},"loc":{"start":{"line":16,"column":22},"end":{"line":19,"column":3}},"line":16},"1":{"name":"(anonymous_1)","decl":{"start":{"line":21,"column":18},"end":{"line":21,"column":19}},"loc":{"start":{"line":21,"column":29},"end":{"line":34,"column":1}},"line":21},"2":{"name":"(anonymous_2)","decl":{"start":{"line":25,"column":10},"end":{"line":25,"column":11}},"loc":{"start":{"line":25,"column":21},"end":{"line":31,"column":5}},"line":25},"3":{"name":"(anonymous_3)","decl":{"start":{"line":36,"column":21},"end":{"line":36,"column":22}},"loc":{"start":{"line":36,"column":32},"end":{"line":41,"column":1}},"line":36},"4":{"name":"(anonymous_4)","decl":{"start":{"line":38,"column":10},"end":{"line":38,"column":11}},"loc":{"start":{"line":38,"column":21},"end":{"line":40,"column":5}},"line":38},"5":{"name":"(anonymous_5)","decl":{"start":{"line":43,"column":23},"end":{"line":43,"column":24}},"loc":{"start":{"line":43,"column":34},"end":{"line":48,"column":1}},"line":43},"6":{"name":"(anonymous_6)","decl":{"start":{"line":45,"column":10},"end":{"line":45,"column":11}},"loc":{"start":{"line":45,"column":21},"end":{"line":47,"column":5}},"line":45},"7":{"name":"(anonymous_7)","decl":{"start":{"line":50,"column":30},"end":{"line":50,"column":31}},"loc":{"start":{"line":50,"column":41},"end":{"line":55,"column":1}},"line":50},"8":{"name":"(anonymous_8)","decl":{"start":{"line":52,"column":10},"end":{"line":52,"column":11}},"loc":{"start":{"line":52,"column":21},"end":{"line":54,"column":5}},"line":52},"9":{"name":"(anonymous_9)","decl":{"start":{"line":57,"column":20},"end":{"line":57,"column":21}},"loc":{"start":{"line":57,"column":31},"end":{"line":65,"column":1}},"line":57},"10":{"name":"(anonymous_10)","decl":{"start":{"line":60,"column":10},"end":{"line":60,"column":11}},"loc":{"start":{"line":60,"column":21},"end":{"line":62,"column":5}},"line":60},"11":{"name":"(anonymous_11)","decl":{"start":{"line":67,"column":23},"end":{"line":67,"column":24}},"loc":{"start":{"line":67,"column":34},"end":{"line":73,"column":1}},"line":67},"12":{"name":"(anonymous_12)","decl":{"start":{"line":70,"column":10},"end":{"line":70,"column":11}},"loc":{"start":{"line":70,"column":21},"end":{"line":72,"column":5}},"line":70},"13":{"name":"(anonymous_13)","decl":{"start":{"line":74,"column":24},"end":{"line":74,"column":25}},"loc":{"start":{"line":74,"column":35},"end":{"line":80,"column":1}},"line":74},"14":{"name":"(anonymous_14)","decl":{"start":{"line":77,"column":10},"end":{"line":77,"column":11}},"loc":{"start":{"line":77,"column":21},"end":{"line":79,"column":5}},"line":77},"15":{"name":"(anonymous_15)","decl":{"start":{"line":82,"column":24},"end":{"line":82,"column":25}},"loc":{"start":{"line":82,"column":35},"end":{"line":88,"column":1}},"line":82},"16":{"name":"(anonymous_16)","decl":{"start":{"line":85,"column":10},"end":{"line":85,"column":11}},"loc":{"start":{"line":85,"column":21},"end":{"line":87,"column":5}},"line":85},"17":{"name":"(anonymous_17)","decl":{"start":{"line":89,"column":23},"end":{"line":89,"column":24}},"loc":{"start":{"line":89,"column":34},"end":{"line":95,"column":1}},"line":89},"18":{"name":"(anonymous_18)","decl":{"start":{"line":92,"column":10},"end":{"line":92,"column":11}},"loc":{"start":{"line":92,"column":21},"end":{"line":94,"column":5}},"line":92},"19":{"name":"(anonymous_19)","decl":{"start":{"line":96,"column":29},"end":{"line":96,"column":30}},"loc":{"start":{"line":96,"column":40},"end":{"line":102,"column":1}},"line":96},"20":{"name":"(anonymous_20)","decl":{"start":{"line":99,"column":10},"end":{"line":99,"column":11}},"loc":{"start":{"line":99,"column":21},"end":{"line":101,"column":5}},"line":99},"21":{"name":"(anonymous_21)","decl":{"start":{"line":104,"column":25},"end":{"line":104,"column":26}},"loc":{"start":{"line":104,"column":36},"end":{"line":110,"column":1}},"line":104},"22":{"name":"(anonymous_22)","decl":{"start":{"line":107,"column":10},"end":{"line":107,"column":11}},"loc":{"start":{"line":107,"column":21},"end":{"line":109,"column":5}},"line":107},"23":{"name":"(anonymous_23)","decl":{"start":{"line":112,"column":25},"end":{"line":112,"column":26}},"loc":{"start":{"line":112,"column":36},"end":{"line":118,"column":1}},"line":112},"24":{"name":"(anonymous_24)","decl":{"start":{"line":115,"column":10},"end":{"line":115,"column":11}},"loc":{"start":{"line":115,"column":21},"end":{"line":117,"column":5}},"line":115},"25":{"name":"(anonymous_25)","decl":{"start":{"line":120,"column":24},"end":{"line":120,"column":25}},"loc":{"start":{"line":120,"column":35},"end":{"line":126,"column":1}},"line":120},"26":{"name":"(anonymous_26)","decl":{"start":{"line":123,"column":10},"end":{"line":123,"column":11}},"loc":{"start":{"line":123,"column":21},"end":{"line":125,"column":5}},"line":123},"27":{"name":"(anonymous_27)","decl":{"start":{"line":128,"column":23},"end":{"line":128,"column":24}},"loc":{"start":{"line":128,"column":34},"end":{"line":134,"column":1}},"line":128},"28":{"name":"(anonymous_28)","decl":{"start":{"line":131,"column":10},"end":{"line":131,"column":11}},"loc":{"start":{"line":131,"column":21},"end":{"line":133,"column":5}},"line":131},"29":{"name":"(anonymous_29)","decl":{"start":{"line":136,"column":27},"end":{"line":136,"column":28}},"loc":{"start":{"line":136,"column":38},"end":{"line":142,"column":1}},"line":136},"30":{"name":"(anonymous_30)","decl":{"start":{"line":139,"column":10},"end":{"line":139,"column":11}},"loc":{"start":{"line":139,"column":21},"end":{"line":141,"column":5}},"line":139},"31":{"name":"(anonymous_31)","decl":{"start":{"line":145,"column":23},"end":{"line":145,"column":24}},"loc":{"start":{"line":145,"column":34},"end":{"line":170,"column":1}},"line":145},"32":{"name":"(anonymous_32)","decl":{"start":{"line":167,"column":10},"end":{"line":167,"column":11}},"loc":{"start":{"line":167,"column":21},"end":{"line":169,"column":5}},"line":167},"33":{"name":"(anonymous_33)","decl":{"start":{"line":172,"column":13},"end":{"line":172,"column":14}},"loc":{"start":{"line":172,"column":27},"end":{"line":174,"column":3}},"line":172}},"branchMap":{"0":{"loc":{"start":{"line":26,"column":8},"end":{"line":29,"column":9}},"type":"if","locations":[{"start":{"line":26,"column":8},"end":{"line":29,"column":9}},{"start":{},"end":{}}],"line":26}},"s":{"0":1,"1":1,"2":1,"3":1,"4":1,"5":1,"6":1,"7":1,"8":1,"9":1,"10":1,"11":1,"12":2,"13":2,"14":2,"15":1,"16":1,"17":1,"18":1,"19":1,"20":1,"21":1,"22":1,"23":1,"24":1,"25":1,"26":1,"27":1,"28":1,"29":1,"30":1,"31":1,"32":1,"33":1,"34":1,"35":1,"36":1,"37":1,"38":1,"39":1,"40":1,"41":1,"42":1,"43":1,"44":1,"45":1,"46":1,"47":1,"48":1,"49":1,"50":1,"51":1,"52":1,"53":1,"54":1,"55":1,"56":1,"57":1,"58":1,"59":1,"60":1,"61":1,"62":1,"63":1,"64":1,"65":1,"66":1,"67":1,"68":1,"69":1,"70":1,"71":1,"72":1,"73":1,"74":1,"75":1},"f":{"0":1,"1":2,"2":2,"3":1,"4":1,"5":1,"6":1,"7":1,"8":1,"9":1,"10":1,"11":1,"12":1,"13":1,"14":1,"15":1,"16":1,"17":1,"18":1,"19":1,"20":1,"21":1,"22":1,"23":1,"24":1,"25":1,"26":1,"27":1,"28":1,"29":1,"30":1,"31":1,"32":1,"33":1},"b":{"0":[1,1]},"_coverageSchema":"1a1c01bbd47fc00a2c39e90264f33305004495a9","hash":"3b4d235c4849a181ab12b8e7d0e280d92181a2fd"}
}
